<?xml version="1.0" encoding="UTF-8"?>
<!-- Generated by org.testng.reporters.JUnitReportReporter -->
<testsuite hostname="pc" failures="0" tests="4" name="com.whitecircleschool.JenkinsDemo.MultipleValidations" time="0.065" errors="0" timestamp="10 Apr 2019 15:20:30 GMT" skipped="1">
  <testcase classname="com.whitecircleschool.JenkinsDemo.MultipleValidations" name="verifySignBtnBeforeText" time="0.023"/>
  <testcase classname="com.whitecircleschool.JenkinsDemo.MultipleValidations" name="verifyText" time="0.022"/>
  <testcase classname="com.whitecircleschool.JenkinsDemo.MultipleValidations" name="verifySearchBtn" time="0.020"/>
  <testcase classname="com.whitecircleschool.JenkinsDemo.MultipleValidations" name="verifySignBtnAfterText">
    <skipped/>
  </testcase> <!-- verifySignBtnAfterText -->
</testsuite> <!-- com.whitecircleschool.JenkinsDemo.MultipleValidations -->
